2025-11-12 17:08:37,164 [INFO] add_tasks executed successfully.
2025-11-12 17:08:37,165 [INFO] add_tasks took 0.0s
2025-11-12 17:09:03,679 [INFO] list_tasks executed successfully.
2025-11-12 17:09:03,679 [INFO] list_tasks took 0.002s
2025-11-19 17:54:14,601 [INFO] list_tasks executed successfully.
2025-11-19 17:54:14,601 [INFO] list_tasks took 0.002s
2025-11-19 17:56:31,456 [INFO] add_tasks executed successfully.
2025-11-19 17:56:31,456 [INFO] add_tasks took 0.002s
2025-11-19 17:56:31,457 [INFO] add_tasks executed successfully.
2025-11-19 17:56:31,457 [INFO] add_tasks took 0.002s
2025-11-19 18:05:45,691 [INFO] add_tasks executed successfully.
2025-11-19 18:05:45,691 [INFO] add_tasks took 0.002s
2025-11-19 18:05:45,692 [INFO] add_tasks executed successfully.
2025-11-19 18:05:45,692 [INFO] add_tasks took 0.002s
2025-11-19 18:05:45,692 [INFO] add_tasks executed successfully.
2025-11-19 18:05:45,692 [INFO] add_tasks took 0.002s
2025-11-19 18:08:01,909 [INFO] add_tasks executed successfully.
2025-11-19 18:08:01,909 [INFO] add_tasks took 0.002s
2025-11-19 18:08:01,909 [INFO] add_tasks executed successfully.
2025-11-19 18:08:01,909 [INFO] add_tasks took 0.001s
2025-11-19 18:08:01,910 [INFO] add_tasks executed successfully.
2025-11-19 18:08:01,910 [INFO] add_tasks took 0.002s
2025-11-19 18:11:10,086 [INFO] add_tasks executed successfully.
2025-11-19 18:11:10,086 [INFO] add_tasks took 0.002s
2025-11-19 18:11:10,087 [INFO] add_tasks executed successfully.
2025-11-19 18:11:10,087 [INFO] add_tasks took 0.002s
2025-11-19 18:11:10,087 [INFO] add_tasks executed successfully.
2025-11-19 18:11:10,087 [INFO] add_tasks took 0.002s
2025-11-19 18:13:19,522 [INFO] delete_task executed successfully.
2025-11-19 18:13:19,522 [INFO] delete_task took 0.001s
2025-11-19 18:13:19,523 [INFO] delete_task executed successfully.
2025-11-19 18:13:19,523 [INFO] delete_task took 0.001s
2025-11-19 18:13:19,523 [INFO] delete_task executed successfully.
2025-11-19 18:13:19,523 [INFO] delete_task took 0.002s
